<?xml version="1.0" encoding="UTF-8"?>
<!-- Generated by org.testng.reporters.JUnitXMLReporter -->
<testsuite ignored="2" hostname="Md-Ebrahim" failures="0" tests="2" name="Automation" time="30.386" errors="0" timestamp="2024-06-23T12:33:40 EDT">
  <testcase classname="com.ebrahim.hossain.tests.LoginTest" name="loginIntoShop" time="16.996"/>
  <testcase classname="com.ebrahim.hossain.tests.CreateUserTest" name="createNewUser" time="0.293"/>
  <testcase classname="com.ebrahim.hossain.drivers.BaseDriver" name="@BeforeSuite startBrowser" time="0.0">
    <ignored/>
  </testcase> <!-- @BeforeSuite startBrowser -->
  <testcase classname="com.ebrahim.hossain.drivers.BaseDriver" name="@AfterSuite closeBrowser" time="0.0">
    <ignored/>
  </testcase> <!-- @AfterSuite closeBrowser -->
</testsuite> <!-- Automation -->
