<?xml version="1.0" encoding="UTF-8"?>
<testng-results ignored="0" total="1" passed="1" failed="0" skipped="0">
  <reporter-output>
  </reporter-output>
  <suite started-at="2024-06-29T12:18:16 EDT" name="Default suite" finished-at="2024-06-29T12:18:46 EDT" duration-ms="29624">
    <groups>
    </groups>
    <test started-at="2024-06-29T12:18:16 EDT" name="Default test" finished-at="2024-06-29T12:18:46 EDT" duration-ms="29624">
      <class name="com.ebrahim.hossain.tests.LoginTest">
        <test-method is-config="true" signature="startBrowser()[pri:0, instance:com.ebrahim.hossain.tests.LoginTest@6fa51cd4]" started-at="2024-06-29T12:18:12 EDT" name="startBrowser" finished-at="2024-06-29T12:18:16 EDT" duration-ms="3600" status="PASS">
          <reporter-output>
          </reporter-output>
        </test-method> <!-- startBrowser -->
        <test-method is-config="true" signature="openUrl()[pri:0, instance:com.ebrahim.hossain.tests.LoginTest@6fa51cd4]" started-at="2024-06-29T12:18:16 EDT" name="openUrl" finished-at="2024-06-29T12:18:24 EDT" duration-ms="8211" status="PASS">
          <reporter-output>
          </reporter-output>
        </test-method> <!-- openUrl -->
        <test-method signature="loginIntoShop()[pri:0, instance:com.ebrahim.hossain.tests.LoginTest@6fa51cd4]" started-at="2024-06-29T12:18:24 EDT" name="loginIntoShop" finished-at="2024-06-29T12:18:45 EDT" duration-ms="20765" status="PASS">
          <reporter-output>
          </reporter-output>
        </test-method> <!-- loginIntoShop -->
        <test-method is-config="true" signature="report()[pri:0, instance:com.ebrahim.hossain.tests.LoginTest@6fa51cd4]" started-at="2024-06-29T12:18:45 EDT" name="report" finished-at="2024-06-29T12:18:46 EDT" duration-ms="551" status="PASS">
          <reporter-output>
          </reporter-output>
        </test-method> <!-- report -->
        <test-method is-config="true" signature="closeBrowser()[pri:0, instance:com.ebrahim.hossain.tests.LoginTest@6fa51cd4]" started-at="2024-06-29T12:18:46 EDT" name="closeBrowser" finished-at="2024-06-29T12:18:46 EDT" duration-ms="421" status="PASS">
          <reporter-output>
          </reporter-output>
        </test-method> <!-- closeBrowser -->
      </class> <!-- com.ebrahim.hossain.tests.LoginTest -->
    </test> <!-- Default test -->
  </suite> <!-- Default suite -->
</testng-results>
