<?xml version="1.0" encoding="UTF-8"?>
<testng-results ignored="0" total="2" passed="2" failed="0" skipped="0">
  <reporter-output>
  </reporter-output>
  <suite started-at="2024-06-23T12:33:10 EDT" name="Suite" finished-at="2024-06-23T12:33:40 EDT" duration-ms="30386">
    <groups>
    </groups>
    <test started-at="2024-06-23T12:33:10 EDT" name="Automation" finished-at="2024-06-23T12:33:40 EDT" duration-ms="30386">
      <class name="com.ebrahim.hossain.tests.CreateUserTest">
        <test-method is-config="true" signature="openUrl()[pri:0, instance:com.ebrahim.hossain.tests.CreateUserTest@1349883]" started-at="2024-06-23T12:33:34 EDT" name="openUrl" finished-at="2024-06-23T12:33:40 EDT" duration-ms="5464" status="PASS">
          <reporter-output>
          </reporter-output>
        </test-method> <!-- openUrl -->
        <test-method signature="createNewUser()[pri:1, instance:com.ebrahim.hossain.tests.CreateUserTest@1349883]" started-at="2024-06-23T12:33:40 EDT" name="createNewUser" finished-at="2024-06-23T12:33:40 EDT" duration-ms="293" status="PASS">
          <reporter-output>
          </reporter-output>
        </test-method> <!-- createNewUser -->
        <test-method is-config="true" signature="report()[pri:0, instance:com.ebrahim.hossain.tests.CreateUserTest@1349883]" started-at="2024-06-23T12:33:40 EDT" name="report" finished-at="2024-06-23T12:33:40 EDT" duration-ms="145" status="PASS">
          <reporter-output>
          </reporter-output>
        </test-method> <!-- report -->
      </class> <!-- com.ebrahim.hossain.tests.CreateUserTest -->
      <class name="com.ebrahim.hossain.tests.LoginTest">
        <test-method is-config="true" signature="startBrowser()[pri:0, instance:com.ebrahim.hossain.tests.LoginTest@75437611]" started-at="2024-06-23T12:33:08 EDT" name="startBrowser" finished-at="2024-06-23T12:33:10 EDT" duration-ms="2475" status="PASS">
          <reporter-output>
          </reporter-output>
        </test-method> <!-- startBrowser -->
        <test-method is-config="true" signature="openUrl()[pri:0, instance:com.ebrahim.hossain.tests.LoginTest@75437611]" started-at="2024-06-23T12:33:10 EDT" name="openUrl" finished-at="2024-06-23T12:33:17 EDT" duration-ms="7204" status="PASS">
          <reporter-output>
          </reporter-output>
        </test-method> <!-- openUrl -->
        <test-method signature="loginIntoShop()[pri:0, instance:com.ebrahim.hossain.tests.LoginTest@75437611]" started-at="2024-06-23T12:33:17 EDT" name="loginIntoShop" finished-at="2024-06-23T12:33:34 EDT" duration-ms="16996" status="PASS">
          <reporter-output>
          </reporter-output>
        </test-method> <!-- loginIntoShop -->
        <test-method is-config="true" signature="report()[pri:0, instance:com.ebrahim.hossain.tests.LoginTest@75437611]" started-at="2024-06-23T12:33:34 EDT" name="report" finished-at="2024-06-23T12:33:34 EDT" duration-ms="213" status="PASS">
          <reporter-output>
          </reporter-output>
        </test-method> <!-- report -->
        <test-method is-config="true" signature="closeBrowser()[pri:0, instance:com.ebrahim.hossain.tests.LoginTest@75437611]" started-at="2024-06-23T12:33:40 EDT" name="closeBrowser" finished-at="2024-06-23T12:33:40 EDT" duration-ms="1" status="PASS">
          <reporter-output>
          </reporter-output>
        </test-method> <!-- closeBrowser -->
      </class> <!-- com.ebrahim.hossain.tests.LoginTest -->
    </test> <!-- Automation -->
  </suite> <!-- Suite -->
</testng-results>
